<?xml version="1.0" encoding="UTF-8"?>
<!-- Generated by org.testng.reporters.JUnitXMLReporter -->
<testsuite ignored="0" hostname="DESKTOP-L33J1GP" failures="0" tests="6" name="Default test" time="12.855" errors="0" timestamp="2020-11-23T23:47:00 IST">
  <testcase classname="com.openweathermap.tests.forecast5.ForecastTests" name="status200WhenIdCorrectByCityId" time="3.981"/>
  <testcase classname="com.openweathermap.tests.forecast5.ForecastTests" name="status200WhenNameCorrectByCityName" time="0.606"/>
  <testcase classname="com.openweathermap.tests.forecast5.ForecastTests" name="checkBodyMessageWhenUnauthorized" time="2.01"/>
  <testcase classname="com.openweathermap.tests.forecast5.ForecastTests" name="checkBodyMessageWhenIdIncorrectByCityId" time="0.443"/>
  <testcase classname="com.openweathermap.tests.forecast5.ForecastTests" name="checkBodyMessageWhenNameIncorrectByCityName" time="0.336"/>
  <testcase classname="com.openweathermap.tests.forecast5.ForecastTests" name="checkCityParamsInResponseJSON" time="3.792"/>
</testsuite> <!-- Default test -->
