<?xml version="1.0" encoding="UTF-8"?>
<!-- Generated by org.testng.reporters.JUnitXMLReporter -->
<testsuite ignored="0" hostname="DESKTOP-L33J1GP" failures="0" tests="6" name="Test" time="9.82" errors="0" timestamp="2020-11-23T23:56:19 IST">
  <testcase classname="com.openweathermap.tests.forecast5.ForecastTests" name="status200WhenIdCorrectByCityId" time="2.23"/>
  <testcase classname="com.openweathermap.tests.forecast5.ForecastTests" name="status200WhenNameCorrectByCityName" time="1.174"/>
  <testcase classname="com.openweathermap.tests.forecast5.ForecastTests" name="checkBodyMessageWhenUnauthorized" time="1.737"/>
  <testcase classname="com.openweathermap.tests.forecast5.ForecastTests" name="checkBodyMessageWhenIdIncorrectByCityId" time="0.509"/>
  <testcase classname="com.openweathermap.tests.forecast5.ForecastTests" name="checkBodyMessageWhenNameIncorrectByCityName" time="0.439"/>
  <testcase classname="com.openweathermap.tests.forecast5.ForecastTests" name="checkCityParamsInResponseJSON" time="2.933"/>
</testsuite> <!-- Test -->
