<?xml version="1.0" encoding="UTF-8"?>
<testng-results ignored="0" total="6" passed="6" failed="0" skipped="0">
  <reporter-output>
  </reporter-output>
  <suite started-at="2020-11-23T23:56:09 IST" name="Suite" finished-at="2020-11-23T23:56:19 IST" duration-ms="9820">
    <groups>
    </groups>
    <test started-at="2020-11-23T23:56:09 IST" name="Test" finished-at="2020-11-23T23:56:19 IST" duration-ms="9820">
      <class name="com.openweathermap.tests.forecast5.ForecastTests">
        <test-method is-config="true" signature="setUp()[pri:0, instance:com.openweathermap.tests.forecast5.ForecastTests@4ef37659]" started-at="2020-11-23T23:56:09 IST" name="setUp" finished-at="2020-11-23T23:56:10 IST" duration-ms="728" status="PASS">
          <reporter-output>
          </reporter-output>
        </test-method> <!-- setUp -->
        <test-method signature="status200WhenIdCorrectByCityId()[pri:0, instance:com.openweathermap.tests.forecast5.ForecastTests@4ef37659]" started-at="2020-11-23T23:56:10 IST" name="status200WhenIdCorrectByCityId" finished-at="2020-11-23T23:56:12 IST" duration-ms="2230" status="PASS">
          <reporter-output>
          </reporter-output>
        </test-method> <!-- status200WhenIdCorrectByCityId -->
        <test-method signature="status200WhenNameCorrectByCityName()[pri:1, instance:com.openweathermap.tests.forecast5.ForecastTests@4ef37659]" started-at="2020-11-23T23:56:12 IST" name="status200WhenNameCorrectByCityName" finished-at="2020-11-23T23:56:14 IST" duration-ms="1174" status="PASS">
          <reporter-output>
          </reporter-output>
        </test-method> <!-- status200WhenNameCorrectByCityName -->
        <test-method signature="checkBodyMessageWhenUnauthorized()[pri:2, instance:com.openweathermap.tests.forecast5.ForecastTests@4ef37659]" started-at="2020-11-23T23:56:14 IST" name="checkBodyMessageWhenUnauthorized" finished-at="2020-11-23T23:56:15 IST" duration-ms="1737" status="PASS">
          <reporter-output>
          </reporter-output>
        </test-method> <!-- checkBodyMessageWhenUnauthorized -->
        <test-method signature="checkBodyMessageWhenIdIncorrectByCityId()[pri:3, instance:com.openweathermap.tests.forecast5.ForecastTests@4ef37659]" started-at="2020-11-23T23:56:15 IST" name="checkBodyMessageWhenIdIncorrectByCityId" finished-at="2020-11-23T23:56:16 IST" duration-ms="509" status="PASS">
          <reporter-output>
          </reporter-output>
        </test-method> <!-- checkBodyMessageWhenIdIncorrectByCityId -->
        <test-method signature="checkBodyMessageWhenNameIncorrectByCityName()[pri:4, instance:com.openweathermap.tests.forecast5.ForecastTests@4ef37659]" started-at="2020-11-23T23:56:16 IST" name="checkBodyMessageWhenNameIncorrectByCityName" finished-at="2020-11-23T23:56:16 IST" duration-ms="439" status="PASS">
          <reporter-output>
          </reporter-output>
        </test-method> <!-- checkBodyMessageWhenNameIncorrectByCityName -->
        <test-method signature="checkCityParamsInResponseJSON()[pri:5, instance:com.openweathermap.tests.forecast5.ForecastTests@4ef37659]" started-at="2020-11-23T23:56:16 IST" name="checkCityParamsInResponseJSON" finished-at="2020-11-23T23:56:19 IST" duration-ms="2933" status="PASS">
          <reporter-output>
          </reporter-output>
        </test-method> <!-- checkCityParamsInResponseJSON -->
        <test-method is-config="true" signature="tearDown()[pri:0, instance:com.openweathermap.tests.forecast5.ForecastTests@4ef37659]" started-at="2020-11-23T23:56:19 IST" name="tearDown" finished-at="2020-11-23T23:56:19 IST" duration-ms="1" status="PASS">
          <reporter-output>
          </reporter-output>
        </test-method> <!-- tearDown -->
      </class> <!-- com.openweathermap.tests.forecast5.ForecastTests -->
    </test> <!-- Test -->
  </suite> <!-- Suite -->
</testng-results>
